<?xml version="1.0" encoding="UTF-8"?>
<testsuite name="com.jon.zhongwen_helper.ApplicationTest" tests="1" skipped="0" failures="0" errors="0" timestamp="2026-05-05T17:18:46.794Z" hostname="jon-nixos" time="0.704">
  <properties/>
  <testcase name="testRoot" classname="com.jon.zhongwen_helper.ApplicationTest" time="0.704"/>
  <system-out><![CDATA[2026-05-06 00:18:47.356 [DefaultDispatcher-worker-2 @call-context#3] INFO  io.ktor.test - No ktor.deployment.watch patterns specified, automatic reload is not active.
2026-05-06 00:18:47.381 [DefaultDispatcher-worker-2 @call-context#3] INFO  io.ktor.test - Application started in 0.036 seconds.
2026-05-06 00:18:47.384 [DefaultDispatcher-worker-3 @coroutine#5] INFO  io.ktor.test - Responding at http://localhost:80
2026-05-06 00:18:47.385 [DefaultDispatcher-worker-3 @coroutine#5] INFO  io.ktor.test - Responding at https://localhost:443
2026-05-06 00:18:47.412 [DefaultDispatcher-worker-2 @request#3] TRACE io.ktor.server.routing.Routing - Trace for []
/, segment:0 -> SUCCESS @ /
  / [<slash>], segment:0 -> SUCCESS @ / [<slash>]
    / [<slash>, (method:GET)], segment:0 -> SUCCESS @ / [<slash>, (method:GET)]
Matched routes:
  "" -> "<slash>" -> "(method:GET)"
Routing resolve result:
  SUCCESS @ / [<slash>, (method:GET)]
2026-05-06 00:18:47.456 [DefaultDispatcher-worker-1] TRACE io.ktor.client.plugins.SaveBody - Saving body for http://localhost/
2026-05-06 00:18:47.460 [DefaultDispatcher-worker-1] TRACE i.k.client.plugins.HttpCallValidator - Validating response for request http://localhost/
2026-05-06 00:18:47.460 [DefaultDispatcher-worker-1] TRACE i.k.c.p.DefaultResponseValidation - Skipping default response validation for http://localhost/
2026-05-06 00:18:47.476 [DefaultDispatcher-worker-1] TRACE i.k.c.plugins.defaultTransformers - Transformed with default transformers response body for http://localhost/ to class kotlinx.io.Source
]]></system-out>
  <system-err><![CDATA[]]></system-err>
</testsuite>
